# Preference setting overrides
gui_create_pref_key -category {Globals} -key {load_detail_for_funcov} -value_type {bool} -value {false}

# State setting overrides
gui_state_default_create -off -ini
gui_set_state_value -category Globals -key recent_databases -value {{gui_open_db -file /home/users14/ab192644/Documents/ece524/lab4_1/vcdplus.vpd -design V1} {gui_open_db -file /home/users14/ab192644/Documents/ece524/lab3_1/vcdplus.vpd -design V1} {gui_open_db -file /home/users14/ab192644/Documents/ece524/Lab2/vcdplus.vpd -design V1} {gui_open_db -file /home/users14/ab192644/Documents/ece524/vcdplus.vpd -design V1}}
gui_set_state_value -category Layout -key child_console_size_x -value 709
gui_set_state_value -category Layout -key child_console_size_y -value 170
gui_set_state_value -category Layout -key child_data_size_x -value 165
gui_set_state_value -category Layout -key child_data_size_y -value 387
gui_set_state_value -category Layout -key child_hier_col3 -value {-1}
gui_set_state_value -category Layout -key child_hier_colpd -value 0
gui_set_state_value -category Layout -key child_hier_size_x -value 165
gui_set_state_value -category Layout -key child_hier_size_y -value 387
gui_set_state_value -category Layout -key child_source_docknewline -value false
gui_set_state_value -category Layout -key child_source_pos_x -value {-2}
gui_set_state_value -category Layout -key child_source_pos_y -value {-17}
gui_set_state_value -category Layout -key child_source_size_x -value 382
gui_set_state_value -category Layout -key child_source_size_y -value 383
gui_set_state_value -category Layout -key child_wave_colname -value 120
gui_set_state_value -category Layout -key child_wave_colvalue -value 120
gui_set_state_value -category Layout -key child_wave_left -value 244
gui_set_state_value -category Layout -key child_wave_right -value 595
gui_set_state_value -category Layout -key main_pos_y -value 225
gui_set_state_value -category Layout -key main_size_x -value 714
gui_set_state_value -category Layout -key main_size_y -value 924
gui_set_state_value -category Layout -key stand_wave_child_docknewline -value false
gui_set_state_value -category Layout -key stand_wave_child_pos_x -value {-2}
gui_set_state_value -category Layout -key stand_wave_child_pos_y -value {-17}
gui_set_state_value -category Layout -key stand_wave_child_size_x -value 849
gui_set_state_value -category Layout -key stand_wave_child_size_y -value 348
gui_set_state_value -category Layout -key stand_wave_top_pos_x -value 604
gui_set_state_value -category Layout -key stand_wave_top_pos_y -value 174
gui_set_state_value -category Layout -key stand_wave_top_size_x -value 1448
gui_set_state_value -category Layout -key stand_wave_top_size_y -value 668
gui_create_state_key -category FindDialog -key m_pMatchCase -value_type bool -value false
gui_create_state_key -category FindDialog -key m_pMatchWord -value_type bool -value false
gui_create_state_key -category FindDialog -key m_pUseCombo -value_type string -value {}
gui_create_state_key -category FindDialog -key m_pWrapAround -value_type bool -value true
gui_state_default_create -off

# Begin command logging
gui_open_db -file /home/users14/ab192644/Documents/ece524/lab4_1/vcdplus.vpd -design V1
gui_list_select -id Data.1 -selected  { register_tb.ENA   }
gui_list_select -id Data.1 -selected  { {register_tb.OUT[8:0]}   }
gui_list_select -id Data.1 -selected  { register_tb.ENA  register_tb.CLK  register_tb.RST  {register_tb.DATA[7:0]}  {register_tb.OUT[8:0]}   }
gui_open_window Wave
gui_list_add -id Wave.1 -from Data.1 { register_tb.ENA register_tb.CLK register_tb.RST {register_tb.DATA[7:0]} {register_tb.OUT[8:0]} } -insertionbar
gui_wv_scroll_hslidermove -id  Wave.1 81628
gui_wv_scroll_hslidermove -id  Wave.1 106015
gui_wv_scroll_hslidermove -id  Wave.1 54822
gui_list_select -id Wave.1 -selected  { register_tb.ENA   }
gui_list_select -id Wave.1 -selected  { register_tb.RST   }
gui_list_select -id Wave.1 -selected  { register_tb.CLK   }
gui_list_select -id Wave.1 -selected  { register_tb.ENA   }
gui_list_select -id Wave.1 -selected  { {register_tb.DATA[7:0]}   }
gui_list_select -id Wave.1 -selected  { {register_tb.OUT[8:0]}   }
gui_wv_scroll_hslidermove -id  Wave.1 78604
gui_wv_scroll_hslidermove -id  Wave.1 66108
gui_wv_scrollright -id  Wave.1  page
gui_wv_scrollleft -id  Wave.1  page
gui_wv_scrollleft -id  Wave.1  page
gui_wv_scrollleft -id  Wave.1  page
gui_wv_scrollleft -id  Wave.1  page
gui_wv_scrollleft -id  Wave.1  page
gui_wv_scrollleft -id  Wave.1  page
gui_wv_scrollleft -id  Wave.1  page
gui_wv_scroll_hslidermove -id  Wave.1 49380
gui_wv_scroll_hslidermove -id  Wave.1 37287
gui_wv_scrollleft -id  Wave.1  page
gui_wv_scrollleft -id  Wave.1  page
gui_wv_scroll_hslidermove -id  Wave.1 35674
gui_list_select -id Wave.1 -selected  { register_tb.RST   }
gui_wv_scroll_hslidermove -id  Wave.1 53814
gui_wv_scroll_hslidermove -id  Wave.1 62480
gui_wv_scroll_hslidermove -id  Wave.1 68124
gui_wv_scroll_hslidermove -id  Wave.1 88883
gui_wv_scroll_hslidermove -id  Wave.1 96341
gui_wv_scroll_hslidermove -id  Wave.1 104000
gui_wv_scroll_hslidermove -id  Wave.1 107426
gui_wv_scrollleft -id  Wave.1  page
gui_wv_scrollleft -id  Wave.1  page
gui_wv_scrollleft -id  Wave.1  page
gui_wv_scrollleft -id  Wave.1  page
gui_wv_scrollleft -id  Wave.1  page
gui_wv_scrollleft -id  Wave.1  page
gui_wv_scrollleft -id  Wave.1  page
gui_wv_scrollleft -id  Wave.1  page
gui_wv_scrollleft -id  Wave.1  page
gui_wv_scrollleft -id  Wave.1  page
gui_wv_scrollleft -id  Wave.1  page
gui_wv_scrollleft -id  Wave.1  page
gui_wv_scrollleft -id  Wave.1  page
gui_wv_scrollleft -id  Wave.1  page
gui_wv_scrollleft -id  Wave.1  page
gui_wv_scrollleft -id  Wave.1  page
gui_wv_scrollleft -id  Wave.1  page
gui_wv_scrollleft -id  Wave.1  page
gui_wv_scrollleft -id  Wave.1  page
gui_wv_scrollleft -id  Wave.1  page
gui_wv_scrollleft -id  Wave.1  page
gui_wv_scrollleft -id  Wave.1  page
gui_wv_scrollleft -id  Wave.1  page
gui_wv_scrollleft -id  Wave.1  page
gui_wv_scrollleft -id  Wave.1  page
gui_wv_scrollleft -id  Wave.1  page
gui_wv_scrollleft -id  Wave.1  page
gui_wv_scrollleft -id  Wave.1  page
gui_wv_scrollleft -id  Wave.1  page
gui_wv_scrollleft -id  Wave.1  page
gui_wv_scrollleft -id  Wave.1  page
gui_wv_scrollleft -id  Wave.1  page
gui_wv_scrollleft -id  Wave.1  page
gui_wv_scrollleft -id  Wave.1  page
gui_wv_scrollleft -id  Wave.1  page
gui_wv_scrollleft -id  Wave.1  page
gui_wv_scrollleft -id  Wave.1  page
gui_wv_scrollleft -id  Wave.1  page
gui_wv_scrollleft -id  Wave.1  page
gui_wv_scrollleft -id  Wave.1  page
gui_wv_scrollleft -id  Wave.1  page
gui_wv_scrollleft -id  Wave.1  page
gui_wv_scrollleft -id  Wave.1  page
gui_wv_scrollleft -id  Wave.1  page
gui_wv_scrollleft -id  Wave.1  page
gui_wv_scrollleft -id  Wave.1  page
gui_wv_scrollleft -id  Wave.1  page
gui_wv_scrollleft -id  Wave.1  page
gui_wv_scrollleft -id  Wave.1  page
gui_wv_scrollleft -id  Wave.1  page
gui_wv_scrollleft -id  Wave.1  page
gui_wv_scrollleft -id  Wave.1  page
gui_wv_scrollleft -id  Wave.1  page
gui_wv_scrollleft -id  Wave.1  page
gui_wv_scrollleft -id  Wave.1  page
gui_wv_scrollleft -id  Wave.1  page
gui_wv_scrollleft -id  Wave.1  page
gui_wv_scrollleft -id  Wave.1  page
gui_wv_scrollleft -id  Wave.1  page
gui_wv_scrollleft -id  Wave.1  page
gui_wv_scrollleft -id  Wave.1  page
gui_wv_scrollleft -id  Wave.1  page
gui_wv_scrollleft -id  Wave.1  page
gui_wv_scrollleft -id  Wave.1  page
gui_wv_scrollleft -id  Wave.1  page
gui_wv_scrollleft -id  Wave.1  page
gui_wv_scrollleft -id  Wave.1  page
gui_wv_scrollleft -id  Wave.1  page
gui_wv_scrollleft -id  Wave.1  page
gui_wv_scrollleft -id  Wave.1  page
gui_wv_scrollleft -id  Wave.1  page
gui_wv_scrollleft -id  Wave.1  page
gui_wv_scrollleft -id  Wave.1  page
gui_wv_scrollleft -id  Wave.1  page
gui_wv_scrollleft -id  Wave.1  page
gui_wv_scrollleft -id  Wave.1  page
gui_wv_scrollleft -id  Wave.1  page
gui_wv_scrollleft -id  Wave.1  page
gui_wv_scrollleft -id  Wave.1  page
gui_wv_scrollleft -id  Wave.1  page
gui_wv_scrollleft -id  Wave.1  page
gui_wv_scrollleft -id  Wave.1  page
gui_wv_scrollleft -id  Wave.1  page
gui_wv_scrollleft -id  Wave.1  page
gui_wv_scrollleft -id  Wave.1  page
gui_wv_scrollleft -id  Wave.1  page
gui_wv_scrollleft -id  Wave.1  page
gui_wv_scrollleft -id  Wave.1  page
gui_wv_scrollleft -id  Wave.1  page
gui_wv_scrollleft -id  Wave.1  page
gui_wv_scrollleft -id  Wave.1  page
gui_wv_scrollleft -id  Wave.1  page
gui_wv_scrollleft -id  Wave.1  page
gui_wv_scrollleft -id  Wave.1  page
gui_wv_scrollright -id  Wave.1  page
gui_wv_scrollright -id  Wave.1  page
gui_wv_scrollright -id  Wave.1  page
gui_wv_scrollright -id  Wave.1  page
gui_wv_scrollright -id  Wave.1  page
gui_wv_scrollright -id  Wave.1  page
gui_wv_scrollright -id  Wave.1  page
gui_wv_scrollleft -id  Wave.1  page
gui_wv_scrollleft -id  Wave.1  page
gui_wv_scrollright -id  Wave.1  page
gui_close_window -window TopLevel.1
