# Preference setting overrides
gui_create_pref_key -category {Globals} -key {load_detail_for_funcov} -value_type {bool} -value {false}

# State setting overrides
gui_state_default_create -off -ini
gui_set_state_value -category Globals -key recent_databases -value {{gui_open_db -file /home/users14/ab192644/Documents/ece524/lab3_1/vcdplus.vpd -design V1} {gui_open_db -file /home/users14/ab192644/Documents/ece524/Lab2/vcdplus.vpd -design V1} {gui_open_db -file /home/users14/ab192644/Documents/ece524/vcdplus.vpd -design V1}}
gui_set_state_value -category Layout -key child_console_size_x -value 710
gui_set_state_value -category Layout -key child_console_size_y -value 171
gui_set_state_value -category Layout -key child_data_size_x -value 166
gui_set_state_value -category Layout -key child_data_size_y -value 387
gui_set_state_value -category Layout -key child_hier_col3 -value {-1}
gui_set_state_value -category Layout -key child_hier_colpd -value 0
gui_set_state_value -category Layout -key child_hier_size_x -value 166
gui_set_state_value -category Layout -key child_hier_size_y -value 387
gui_set_state_value -category Layout -key child_source_docknewline -value false
gui_set_state_value -category Layout -key child_source_pos_x -value {-2}
gui_set_state_value -category Layout -key child_source_pos_y -value {-17}
gui_set_state_value -category Layout -key child_source_size_x -value 381
gui_set_state_value -category Layout -key child_source_size_y -value 383
gui_set_state_value -category Layout -key child_wave_colname -value 120
gui_set_state_value -category Layout -key child_wave_colvalue -value 120
gui_set_state_value -category Layout -key child_wave_left -value 244
gui_set_state_value -category Layout -key child_wave_right -value 595
gui_set_state_value -category Layout -key main_pos_y -value 203
gui_set_state_value -category Layout -key main_size_x -value 715
gui_set_state_value -category Layout -key main_size_y -value 903
gui_set_state_value -category Layout -key stand_wave_child_docknewline -value false
gui_set_state_value -category Layout -key stand_wave_child_pos_x -value {-2}
gui_set_state_value -category Layout -key stand_wave_child_pos_y -value {-17}
gui_set_state_value -category Layout -key stand_wave_child_size_x -value 849
gui_set_state_value -category Layout -key stand_wave_child_size_y -value 348
gui_set_state_value -category Layout -key stand_wave_top_pos_x -value 604
gui_set_state_value -category Layout -key stand_wave_top_pos_y -value 174
gui_set_state_value -category Layout -key stand_wave_top_size_x -value 1448
gui_set_state_value -category Layout -key stand_wave_top_size_y -value 668
gui_create_state_key -category FindDialog -key m_pMatchCase -value_type bool -value false
gui_create_state_key -category FindDialog -key m_pMatchWord -value_type bool -value false
gui_create_state_key -category FindDialog -key m_pUseCombo -value_type string -value {}
gui_create_state_key -category FindDialog -key m_pWrapAround -value_type bool -value true
gui_state_default_create -off

# Begin command logging
gui_open_db -file /home/users14/ab192644/Documents/ece524/lab3_1/vcdplus.vpd -design V1
gui_list_select -id Data.1 -selected  { Lab3_2_tb.s0   }
gui_list_select -id Data.1 -selected  { Lab3_2_tb.s0  Lab3_2_tb.s1  Lab3_2_tb.r0  Lab3_2_tb.r1  Lab3_2_tb.Q  Lab3_2_tb.Qnot   }
gui_open_window Wave
gui_list_add -id Wave.1 -from Data.1 { Lab3_2_tb.s0 Lab3_2_tb.s1 Lab3_2_tb.r0 Lab3_2_tb.r1 Lab3_2_tb.Q Lab3_2_tb.Qnot } -insertionbar
