# Preference setting overrides
gui_create_pref_key -category {Globals} -key {load_detail_for_funcov} -value_type {bool} -value {false}

# State setting overrides
gui_state_default_create -off -ini
gui_set_state_value -category Globals -key recent_databases -value {{gui_open_db -file /home/users14/ab192644/Documents/ece524/vcdplus.vpd -design V1} {gui_open_db -file /home/users14/ab192644/Documents/ece524/lab4_1/vcdplus.vpd -design V1} {gui_open_db -file /home/users14/ab192644/Documents/ece524/lab3_1/vcdplus.vpd -design V1} {gui_open_db -file /home/users14/ab192644/Documents/ece524/Lab2/vcdplus.vpd -design V1}}
gui_set_state_value -category Layout -key child_console_size_x -value 701
gui_set_state_value -category Layout -key child_console_size_y -value 162
gui_set_state_value -category Layout -key child_data_size_x -value 157
gui_set_state_value -category Layout -key child_data_size_y -value 387
gui_set_state_value -category Layout -key child_hier_col3 -value {-1}
gui_set_state_value -category Layout -key child_hier_colpd -value 0
gui_set_state_value -category Layout -key child_hier_size_x -value 157
gui_set_state_value -category Layout -key child_hier_size_y -value 387
gui_set_state_value -category Layout -key child_source_docknewline -value false
gui_set_state_value -category Layout -key child_source_pos_x -value {-2}
gui_set_state_value -category Layout -key child_source_pos_y -value {-17}
gui_set_state_value -category Layout -key child_source_size_x -value 390
gui_set_state_value -category Layout -key child_source_size_y -value 383
gui_set_state_value -category Layout -key child_wave_colname -value 119
gui_set_state_value -category Layout -key child_wave_colvalue -value 119
gui_set_state_value -category Layout -key child_wave_left -value 243
gui_set_state_value -category Layout -key child_wave_right -value 592
gui_set_state_value -category Layout -key main_pos_y -value 401
gui_set_state_value -category Layout -key main_size_x -value 706
gui_set_state_value -category Layout -key main_size_y -value 1092
gui_set_state_value -category Layout -key stand_wave_child_docknewline -value false
gui_set_state_value -category Layout -key stand_wave_child_pos_x -value {-2}
gui_set_state_value -category Layout -key stand_wave_child_pos_y -value {-17}
gui_set_state_value -category Layout -key stand_wave_child_size_x -value 845
gui_set_state_value -category Layout -key stand_wave_child_size_y -value 344
gui_set_state_value -category Layout -key stand_wave_top_pos_x -value 604
gui_set_state_value -category Layout -key stand_wave_top_pos_y -value 262
gui_set_state_value -category Layout -key stand_wave_top_size_x -value 1444
gui_set_state_value -category Layout -key stand_wave_top_size_y -value 752
gui_create_state_key -category FindDialog -key m_pMatchCase -value_type bool -value false
gui_create_state_key -category FindDialog -key m_pMatchWord -value_type bool -value false
gui_create_state_key -category FindDialog -key m_pUseCombo -value_type string -value {}
gui_create_state_key -category FindDialog -key m_pWrapAround -value_type bool -value true
gui_state_default_create -off

# Begin command logging
gui_open_db -file /home/users14/ab192644/Documents/ece524/lab5/vcdplus.vpd -design V1
gui_list_select -id Data.1 -selected  { up_counter_tb.clk   }
gui_list_select -id Data.1 -selected  { up_counter_tb.clk  up_counter_tb.rst  up_counter_tb.en  up_counter_tb.ld  {up_counter_tb.data[7:0]}  {up_counter_tb.count[7:0]}   }
gui_open_window Wave
gui_list_add -id Wave.1 -from Data.1 { up_counter_tb.clk up_counter_tb.rst up_counter_tb.en up_counter_tb.ld {up_counter_tb.data[7:0]} {up_counter_tb.count[7:0]} } -insertionbar
gui_wv_scrollleft -id  Wave.1  line
gui_wv_scrollleft -id  Wave.1  line
gui_wv_scrollright -id  Wave.1  page
gui_wv_scrollright -id  Wave.1  page
gui_wv_scrollright -id  Wave.1  page
gui_wv_scrollright -id  Wave.1  page
gui_wv_scroll_hslidermove -id  Wave.1 2272
gui_wv_scroll_hslidermove -id  Wave.1 28232
gui_wv_scroll_hslidermove -id  Wave.1 41212
gui_wv_scroll_hslidermove -id  Wave.1 29746
gui_wv_scroll_hslidermove -id  Wave.1 29746
gui_wv_scroll_hslidermove -id  Wave.1 29638
gui_wv_scroll_hslidermove -id  Wave.1 29722
gui_wv_scroll_hslidermove -id  Wave.1 29806
gui_wv_scroll_hslidermove -id  Wave.1 29890
gui_wv_scroll_hslidermove -id  Wave.1 30142
gui_wv_scroll_hslidermove -id  Wave.1 30226
gui_wv_scroll_hslidermove -id  Wave.1 30394
gui_wv_scroll_hslidermove -id  Wave.1 30478
gui_wv_scroll_hslidermove -id  Wave.1 30562
gui_wv_scroll_hslidermove -id  Wave.1 30730
gui_wv_scroll_hslidermove -id  Wave.1 30814
gui_wv_scroll_hslidermove -id  Wave.1 30982
gui_wv_scroll_hslidermove -id  Wave.1 31150
gui_wv_scroll_hslidermove -id  Wave.1 31066
gui_wv_scroll_hslidermove -id  Wave.1 31150
gui_wv_scroll_hslidermove -id  Wave.1 31234
gui_wv_scroll_hslidermove -id  Wave.1 31318
gui_wv_scroll_hslidermove -id  Wave.1 31234
gui_wv_scroll_hslidermove -id  Wave.1 31486
gui_wv_scroll_hslidermove -id  Wave.1 31402
gui_wv_scroll_hslidermove -id  Wave.1 31486
gui_wv_scroll_hslidermove -id  Wave.1 31402
gui_wv_scroll_hslidermove -id  Wave.1 31570
gui_wv_scroll_hslidermove -id  Wave.1 31570
gui_wv_scroll_hslidermove -id  Wave.1 31570
gui_wv_scroll_hslidermove -id  Wave.1 31486
gui_wv_scroll_hslidermove -id  Wave.1 31486
gui_wv_scroll_hslidermove -id  Wave.1 31402
gui_wv_scroll_hslidermove -id  Wave.1 31402
gui_wv_scroll_hslidermove -id  Wave.1 43375
gui_wv_scroll_hslidermove -id  Wave.1 30071
gui_wv_scroll_hslidermove -id  Wave.1 30936
