# Preference setting overrides
gui_create_pref_key -category {Globals} -key {load_detail_for_funcov} -value_type {bool} -value {false}

# State setting overrides
gui_state_default_create -off -ini
gui_set_state_value -category Globals -key recent_databases -value {{gui_open_db -file /home/users14/ab192644/Documents/ece524/lab7_1/vcdplus.vpd -design V1} {gui_open_db -file /home/users14/ab192644/Documents/ece524/lab6/vcdplus.vpd -design V1} {gui_open_db -file /home/users14/ab192644/Documents/ece524/lab6/vcdplus.vpd -design V2} {gui_open_db -file /home/users14/ab192644/Documents/ece524/lab5/vcdplus.vpd -design V1} {gui_open_db -file /home/users14/ab192644/Documents/ece524/vcdplus.vpd -design V1}}
gui_set_state_value -category Layout -key child_console_size_x -value 697
gui_set_state_value -category Layout -key child_console_size_y -value 158
gui_set_state_value -category Layout -key child_data_size_x -value 153
gui_set_state_value -category Layout -key child_data_size_y -value 387
gui_set_state_value -category Layout -key child_hier_col3 -value {-1}
gui_set_state_value -category Layout -key child_hier_colpd -value 0
gui_set_state_value -category Layout -key child_hier_size_x -value 153
gui_set_state_value -category Layout -key child_hier_size_y -value 387
gui_set_state_value -category Layout -key child_source_docknewline -value false
gui_set_state_value -category Layout -key child_source_pos_x -value {-2}
gui_set_state_value -category Layout -key child_source_pos_y -value {-17}
gui_set_state_value -category Layout -key child_source_size_x -value 394
gui_set_state_value -category Layout -key child_source_size_y -value 383
gui_set_state_value -category Layout -key child_wave_colname -value 130
gui_set_state_value -category Layout -key child_wave_colvalue -value 108
gui_set_state_value -category Layout -key child_wave_left -value 242
gui_set_state_value -category Layout -key child_wave_right -value 590
gui_set_state_value -category Layout -key main_pos_x -value 15
gui_set_state_value -category Layout -key main_pos_y -value 170
gui_set_state_value -category Layout -key main_size_x -value 712
gui_set_state_value -category Layout -key main_size_y -value 857
gui_set_state_value -category Layout -key stand_wave_child_docknewline -value false
gui_set_state_value -category Layout -key stand_wave_child_pos_x -value {-2}
gui_set_state_value -category Layout -key stand_wave_child_pos_y -value {-17}
gui_set_state_value -category Layout -key stand_wave_child_size_x -value 842
gui_set_state_value -category Layout -key stand_wave_child_size_y -value 341
gui_set_state_value -category Layout -key stand_wave_top_pos_x -value 430
gui_set_state_value -category Layout -key stand_wave_top_pos_y -value 182
gui_set_state_value -category Layout -key stand_wave_top_size_x -value 1267
gui_set_state_value -category Layout -key stand_wave_top_size_y -value 669
gui_create_state_key -category FindDialog -key m_pMatchCase -value_type bool -value false
gui_create_state_key -category FindDialog -key m_pMatchWord -value_type bool -value false
gui_create_state_key -category FindDialog -key m_pUseCombo -value_type string -value {}
gui_create_state_key -category FindDialog -key m_pWrapAround -value_type bool -value true
gui_state_default_create -off

# Begin command logging
gui_open_db -file /home/users14/ab192644/Documents/ece524/lab7_1/vcdplus.vpd -design V1
gui_list_select -id Data.1 -selected  { tb_rom.oe_reg   }
gui_list_select -id Data.1 -selected  { tb_rom.oe_reg  tb_rom.cs_n_reg  {tb_rom.addr_reg[4:0]}  {tb_rom.data_wire[7:0]}  {tb_rom.temp_data_reg[7:0]}  {tb_rom.i[31:0]}  {tb_rom.exp_values[0:31][7:0]}  {tb_rom.Width[31:0]}  {tb_rom.Depth[31:0]}   }
gui_open_window Wave
gui_list_add -id Wave.1 -from Data.1 { tb_rom.oe_reg tb_rom.cs_n_reg {tb_rom.addr_reg[4:0]} {tb_rom.data_wire[7:0]} {tb_rom.temp_data_reg[7:0]} {tb_rom.i[31:0]} {tb_rom.exp_values[0:31][7:0]} {tb_rom.Width[31:0]} {tb_rom.Depth[31:0]} } -insertionbar
gui_wv_zoom_timerange -id  Wave.1 0 332
gui_wv_scrollright -id  Wave.1  page
gui_wv_scrollright -id  Wave.1  page
gui_wv_scrollright -id  Wave.1  page
gui_wv_scrollright -id  Wave.1  page
gui_wv_scroll_hslidermove -id  Wave.1 1015867
gui_wv_scroll_hslidermove -id  Wave.1 1318896
gui_wv_scroll_hslidermove -id  Wave.1 1800856
gui_wv_scroll_hslidermove -id  Wave.1 1587293
gui_close_window -window TopLevel.2
