# Preference setting overrides
gui_create_pref_key -category {Globals} -key {load_detail_for_funcov} -value_type {bool} -value {false}

# State setting overrides
gui_state_default_create -off -ini
gui_set_state_value -category Globals -key recent_databases -value {{gui_open_db -file /home/users14/ab192644/Documents/ece524/lab5/vcdplus.vpd -design V1} {gui_open_db -file /home/users14/ab192644/Documents/ece524/vcdplus.vpd -design V1} {gui_open_db -file /home/users14/ab192644/Documents/ece524/lab4_1/vcdplus.vpd -design V1} {gui_open_db -file /home/users14/ab192644/Documents/ece524/lab3_1/vcdplus.vpd -design V1} {gui_open_db -file /home/users14/ab192644/Documents/ece524/Lab2/vcdplus.vpd -design V1}}
gui_set_state_value -category Layout -key child_console_size_x -value 700
gui_set_state_value -category Layout -key child_console_size_y -value 161
gui_set_state_value -category Layout -key child_data_size_x -value 156
gui_set_state_value -category Layout -key child_data_size_y -value 387
gui_set_state_value -category Layout -key child_hier_col3 -value {-1}
gui_set_state_value -category Layout -key child_hier_colpd -value 0
gui_set_state_value -category Layout -key child_hier_size_x -value 156
gui_set_state_value -category Layout -key child_hier_size_y -value 387
gui_set_state_value -category Layout -key child_source_docknewline -value false
gui_set_state_value -category Layout -key child_source_pos_x -value {-2}
gui_set_state_value -category Layout -key child_source_pos_y -value {-17}
gui_set_state_value -category Layout -key child_source_size_x -value 391
gui_set_state_value -category Layout -key child_source_size_y -value 383
gui_set_state_value -category Layout -key child_wave_colname -value 119
gui_set_state_value -category Layout -key child_wave_colvalue -value 119
gui_set_state_value -category Layout -key child_wave_left -value 243
gui_set_state_value -category Layout -key child_wave_right -value 592
gui_set_state_value -category Layout -key main_pos_x -value 15
gui_set_state_value -category Layout -key main_pos_y -value 104
gui_set_state_value -category Layout -key main_size_x -value 715
gui_set_state_value -category Layout -key main_size_y -value 794
gui_set_state_value -category Layout -key stand_wave_child_docknewline -value false
gui_set_state_value -category Layout -key stand_wave_child_pos_x -value {-2}
gui_set_state_value -category Layout -key stand_wave_child_pos_y -value {-17}
gui_set_state_value -category Layout -key stand_wave_child_size_x -value 845
gui_set_state_value -category Layout -key stand_wave_child_size_y -value 344
gui_set_state_value -category Layout -key stand_wave_top_pos_x -value 604
gui_set_state_value -category Layout -key stand_wave_top_pos_y -value 262
gui_set_state_value -category Layout -key stand_wave_top_size_x -value 1444
gui_set_state_value -category Layout -key stand_wave_top_size_y -value 752
gui_create_state_key -category FindDialog -key m_pMatchCase -value_type bool -value false
gui_create_state_key -category FindDialog -key m_pMatchWord -value_type bool -value false
gui_create_state_key -category FindDialog -key m_pUseCombo -value_type string -value {}
gui_create_state_key -category FindDialog -key m_pWrapAround -value_type bool -value true
gui_state_default_create -off

# Begin command logging
gui_open_db -file /home/users14/ab192644/Documents/ece524/lab6/vcdplus.vpd -design V1
gui_list_select -id Data.1 -selected  { {testbench.a1[0:0]}   }
gui_list_select -id Data.1 { {testbench.b1[0:0]}  testbench.sel1  {testbench.out1[0:0]}  {testbench.a2[3:0]}  {testbench.b2[3:0]}  testbench.sel2  {testbench.out2[3:0]}  {testbench.a3[4:0]}  {testbench.b3[4:0]}  testbench.sel3  {testbench.out3[4:0]}  {testbench.a4[5:0]}  {testbench.b4[5:0]}  testbench.sel4  {testbench.out4[5:0]}  {testbench.SIZE1[31:0]}  {testbench.SIZE2[31:0]}  {testbench.SIZE3[31:0]}  {testbench.SIZE4[31:0]}   }
gui_open_window Wave
gui_list_add -id Wave.1 -from Data.1 { {testbench.a1[0:0]} {testbench.b1[0:0]} testbench.sel1 {testbench.out1[0:0]} {testbench.a2[3:0]} {testbench.b2[3:0]} testbench.sel2 {testbench.out2[3:0]} {testbench.a3[4:0]} {testbench.b3[4:0]} testbench.sel3 {testbench.out3[4:0]} {testbench.a4[5:0]} {testbench.b4[5:0]} testbench.sel4 {testbench.out4[5:0]} {testbench.SIZE1[31:0]} {testbench.SIZE2[31:0]} {testbench.SIZE3[31:0]} {testbench.SIZE4[31:0]} } -insertionbar
gui_wv_scroll_hslidermove -id  Wave.1 394398
gui_wv_scroll_hslidermove -id  Wave.1 402539
gui_list_select -id Wave.1 -selected  { {testbench.out4[5:0]}   }
gui_wv_zoom_timerange -id  Wave.1 134179 134406
gui_wv_zoom_timerange -id  Wave.1 134179 134574
gui_wv_scrollright -id  Wave.1  page
gui_wv_scrollright -id  Wave.1  page
gui_wv_scrollright -id  Wave.1  page
gui_wv_scrollright -id  Wave.1  page
gui_wv_scrollright -id  Wave.1  page
gui_wv_scrollright -id  Wave.1  page
gui_wv_scrollright -id  Wave.1  page
gui_wv_scrollright -id  Wave.1  page
gui_wv_scrollright -id  Wave.1  page
gui_wv_scrollright -id  Wave.1  page
gui_wv_scrollright -id  Wave.1  page
gui_wv_scrollright -id  Wave.1  page
gui_wv_scroll_hslidermove -id  Wave.1 179294
gui_wv_zoom_timerange -id  Wave.1 59764 59991
gui_wv_zoom_timerange -id  Wave.1 59764 60159
gui_wv_scroll_hslidermove -id  Wave.1 360683
gui_wv_scroll_hslidermove -id  Wave.1 359845
gui_wv_scroll_hslidermove -id  Wave.1 389169
gui_wv_zoom_timerange -id  Wave.1 129723 129949
gui_wv_zoom_timerange -id  Wave.1 129723 130117
gui_wv_scroll_hslidermove -id  Wave.1 359426
gui_open_db -file /home/users14/ab192644/Documents/ece524/lab6/vcdplus.vpd -design V2
gui_list_select -id Wave.1 -selected  { Group1   }
gui_wv_zoom_timerange -id  Wave.1 119808 120035
gui_list_expand -id  Hier.1   testbench
gui_list_select -id Hier.1 -current_item_name testbench.mux1 -current_item_type Scope  -selected  { testbench.mux1   }
gui_list_select -id Data.1 -selected  { {testbench.mux1.A[0:0]}   }
gui_list_select -id Data.1 -selected  { {testbench.mux1.WIDTH[31:0]}   }
gui_list_select -id Data.1 -selected  { {testbench.mux1.A[0:0]}   }
gui_list_select -id Data.1 -selected  { {testbench.mux1.A[0:0]}  {testbench.mux1.B[0:0]}  testbench.mux1.SEL  {testbench.mux1.OUT[0:0]}  {testbench.mux1.MUX_OUT[0:0]}  {testbench.mux1.i[31:0]}  {testbench.mux1.WIDTH[31:0]}   }
gui_open_window Wave
gui_list_add -id Wave.2 -from Data.1 { {testbench.mux1.A[0:0]} {testbench.mux1.B[0:0]} testbench.mux1.SEL {testbench.mux1.OUT[0:0]} {testbench.mux1.MUX_OUT[0:0]} {testbench.mux1.i[31:0]} {testbench.mux1.WIDTH[31:0]} } -insertionbar
gui_wv_scroll_hslidermove -id  Wave.2 208054
gui_wv_scroll_hslidermove -id  Wave.2 345551
gui_wv_scroll_hslidermove -id  Wave.2 479429
gui_wv_scroll_hslidermove -id  Wave.2 0
gui_close_window -window TopLevel.3
gui_close_window -window TopLevel.2
