Command: /home/users14/ab192644/Documents/ece524/Lab2/./simv -l labx.log
Chronologic VCS simulator copyright 1991-2017
Contains Synopsys proprietary information.
Compiler version N-2017.12-SP2-9_Full64; Runtime version N-2017.12-SP2-9_Full64;  Feb 16 23:44 2023
VCD+ Writer N-2017.12-SP2-9_Full64 Copyright (c) 1991-2017 by Synopsys Inc.
                   0: in1 = x, in2 = x, | A1 = x, A2= x, A3= x, NT= x, out = x
                  15: in1 = 0, in2 = 0, | A1 = x, A2= x, A3= x, NT= x, out = x
                  17: in1 = 0, in2 = 0, | A1 = x, A2= x, A3= x, NT= 1, out = x
                  18: in1 = 0, in2 = 0, | A1 = 0, A2= 0, A3= 0, NT= 1, out = x
                  28: in1 = 0, in2 = 0, | A1 = 0, A2= 0, A3= 0, NT= 1, out = 1
                  30: in1 = 0, in2 = 1, | A1 = 0, A2= 0, A3= 0, NT= 1, out = 1
                  45: in1 = 1, in2 = 0, | A1 = 0, A2= 0, A3= 0, NT= 1, out = 1
                  47: in1 = 1, in2 = 0, | A1 = 0, A2= 0, A3= 0, NT= 0, out = 1
                  60: in1 = 1, in2 = 1, | A1 = 0, A2= 0, A3= 0, NT= 0, out = 1
                  63: in1 = 1, in2 = 1, | A1 = 1, A2= 0, A3= 1, NT= 0, out = 1
$finish called from file "lab2_tb3.v", line 25.
$finish at simulation time                  750
           V C S   S i m u l a t i o n   R e p o r t 
Time: 75000 ps
CPU Time:      0.230 seconds;       Data structure size:   0.0Mb
Thu Feb 16 23:44:40 2023
