# Preference setting overrides
gui_create_pref_key -category {Globals} -key {load_detail_for_funcov} -value_type {bool} -value {false}

# State setting overrides
gui_state_default_create -off -ini
gui_set_state_value -category Globals -key recent_databases -value {{gui_open_db -file /home/users14/ab192644/Documents/ece524/lab8/vcdplus.vpd -design V1} {gui_open_db -file /home/users14/ab192644/Documents/ece524/lab7_1/vcdplus.vpd -design V1} {gui_open_db -file /home/users14/ab192644/Documents/ece524/lab6/vcdplus.vpd -design V1} {gui_open_db -file /home/users14/ab192644/Documents/ece524/lab6/vcdplus.vpd -design V2} {gui_open_db -file /home/users14/ab192644/Documents/ece524/lab5/vcdplus.vpd -design V1}}
gui_set_state_value -category Layout -key child_console_size_x -value 694
gui_set_state_value -category Layout -key child_console_size_y -value 155
gui_set_state_value -category Layout -key child_data_size_x -value 150
gui_set_state_value -category Layout -key child_data_size_y -value 387
gui_set_state_value -category Layout -key child_hier_col3 -value {-1}
gui_set_state_value -category Layout -key child_hier_colpd -value 0
gui_set_state_value -category Layout -key child_hier_size_x -value 150
gui_set_state_value -category Layout -key child_hier_size_y -value 387
gui_set_state_value -category Layout -key child_source_docknewline -value false
gui_set_state_value -category Layout -key child_source_pos_x -value {-2}
gui_set_state_value -category Layout -key child_source_pos_y -value {-17}
gui_set_state_value -category Layout -key child_source_size_x -value 397
gui_set_state_value -category Layout -key child_source_size_y -value 383
gui_set_state_value -category Layout -key child_wave_colname -value 198
gui_set_state_value -category Layout -key child_wave_colvalue -value 198
gui_set_state_value -category Layout -key child_wave_left -value 400
gui_set_state_value -category Layout -key child_wave_right -value 974
gui_set_state_value -category Layout -key main_pos_x -value 15
gui_set_state_value -category Layout -key main_pos_y -value 236
gui_set_state_value -category Layout -key main_size_x -value 709
gui_set_state_value -category Layout -key main_size_y -value 920
gui_set_state_value -category Layout -key stand_wave_child_docknewline -value false
gui_set_state_value -category Layout -key stand_wave_child_pos_x -value {-2}
gui_set_state_value -category Layout -key stand_wave_child_pos_y -value {-17}
gui_set_state_value -category Layout -key stand_wave_child_size_x -value 1384
gui_set_state_value -category Layout -key stand_wave_child_size_y -value 677
gui_set_state_value -category Layout -key stand_wave_top_pos_x -value 0
gui_set_state_value -category Layout -key stand_wave_top_pos_y -value 45
gui_set_state_value -category Layout -key stand_wave_top_size_x -value 1379
gui_set_state_value -category Layout -key stand_wave_top_size_y -value 840
gui_create_state_key -category FindDialog -key m_pMatchCase -value_type bool -value false
gui_create_state_key -category FindDialog -key m_pMatchWord -value_type bool -value false
gui_create_state_key -category FindDialog -key m_pUseCombo -value_type string -value {}
gui_create_state_key -category FindDialog -key m_pWrapAround -value_type bool -value true
gui_state_default_create -off

# Begin command logging
gui_open_db -file /home/users14/ab192644/Documents/ece524/lab8/vcdplus.vpd -design V1
gui_list_select -id Data.1 -selected  { tb_top_level_exhaustive.clk   }
gui_list_select -id Data.1 -selected  { {tb_top_level_exhaustive.WIDTH[31:0]}   }
gui_list_select -id Data.1 { {tb_top_level_exhaustive.WIDTH[31:0]}  tb_top_level_exhaustive.clk  {tb_top_level_exhaustive.data_in[3:0]}  {tb_top_level_exhaustive.c1[3:0]}  {tb_top_level_exhaustive.c2[3:0]}  {tb_top_level_exhaustive.c3[3:0]}  {tb_top_level_exhaustive.c4[3:0]}  {tb_top_level_exhaustive.final_sum[9:0]}  {tb_top_level_exhaustive.data_in_reg1[3:0]}  {tb_top_level_exhaustive.data_in_reg2[3:0]}  {tb_top_level_exhaustive.non_hierarchical_sum[9:0]}  {tb_top_level_exhaustive.i[4:0]}  {tb_top_level_exhaustive.j[4:0]}  {tb_top_level_exhaustive.k[4:0]}  {tb_top_level_exhaustive.l[4:0]}  {tb_top_level_exhaustive.m[4:0]}  {tb_top_level_exhaustive.WIDTH[31:0]}   }
gui_open_window Wave
gui_list_add -id Wave.1 -from Data.1 { tb_top_level_exhaustive.clk {tb_top_level_exhaustive.data_in[3:0]} {tb_top_level_exhaustive.c1[3:0]} {tb_top_level_exhaustive.c2[3:0]} {tb_top_level_exhaustive.c3[3:0]} {tb_top_level_exhaustive.c4[3:0]} {tb_top_level_exhaustive.final_sum[9:0]} {tb_top_level_exhaustive.data_in_reg1[3:0]} {tb_top_level_exhaustive.data_in_reg2[3:0]} {tb_top_level_exhaustive.non_hierarchical_sum[9:0]} {tb_top_level_exhaustive.i[4:0]} {tb_top_level_exhaustive.j[4:0]} {tb_top_level_exhaustive.k[4:0]} {tb_top_level_exhaustive.l[4:0]} {tb_top_level_exhaustive.m[4:0]} {tb_top_level_exhaustive.WIDTH[31:0]} } -insertionbar
gui_wv_scroll_hslidermove -id  Wave.1 754502858
gui_wv_scroll_hslidermove -id  Wave.1 1420240673
gui_close_window -window TopLevel.2
