# Preference setting overrides
gui_create_pref_key -category {Globals} -key {load_detail_for_funcov} -value_type {bool} -value {false}

# State setting overrides
gui_state_default_create -off -ini
gui_set_state_value -category Globals -key recent_databases -value {{gui_open_db -file /home/users14/ab192644/Documents/ece524/lab9/vcdplus.vpd -design V1} {gui_open_db -file /home/users14/ab192644/Documents/ece524/lab8/vcdplus.vpd -design V1} {gui_open_db -file /home/users14/ab192644/Documents/ece524/lab7_1/vcdplus.vpd -design V1} {gui_open_db -file /home/users14/ab192644/Documents/ece524/lab6/vcdplus.vpd -design V1} {gui_open_db -file /home/users14/ab192644/Documents/ece524/lab6/vcdplus.vpd -design V2}}
gui_set_state_value -category Layout -key child_console_size_x -value 687
gui_set_state_value -category Layout -key child_console_size_y -value 148
gui_set_state_value -category Layout -key child_data_size_x -value 143
gui_set_state_value -category Layout -key child_data_size_y -value 387
gui_set_state_value -category Layout -key child_hier_col3 -value {-1}
gui_set_state_value -category Layout -key child_hier_colpd -value 0
gui_set_state_value -category Layout -key child_hier_size_x -value 143
gui_set_state_value -category Layout -key child_hier_size_y -value 387
gui_set_state_value -category Layout -key child_source_docknewline -value false
gui_set_state_value -category Layout -key child_source_pos_x -value {-2}
gui_set_state_value -category Layout -key child_source_pos_y -value {-17}
gui_set_state_value -category Layout -key child_source_size_x -value 404
gui_set_state_value -category Layout -key child_source_size_y -value 383
gui_set_state_value -category Layout -key child_wave_colname -value 197
gui_set_state_value -category Layout -key child_wave_colvalue -value 197
gui_set_state_value -category Layout -key child_wave_left -value 398
gui_set_state_value -category Layout -key child_wave_right -value 971
gui_set_state_value -category Layout -key main_pos_x -value 18
gui_set_state_value -category Layout -key main_pos_y -value 193
gui_set_state_value -category Layout -key main_size_x -value 705
gui_set_state_value -category Layout -key main_size_y -value 870
gui_set_state_value -category Layout -key stand_wave_child_docknewline -value false
gui_set_state_value -category Layout -key stand_wave_child_pos_x -value {-2}
gui_set_state_value -category Layout -key stand_wave_child_pos_y -value {-17}
gui_set_state_value -category Layout -key stand_wave_child_size_x -value 1379
gui_set_state_value -category Layout -key stand_wave_child_size_y -value 672
gui_set_state_value -category Layout -key stand_wave_top_pos_x -value 17
gui_set_state_value -category Layout -key stand_wave_top_pos_y -value 82
gui_set_state_value -category Layout -key stand_wave_top_size_x -value 1391
gui_set_state_value -category Layout -key stand_wave_top_size_y -value 872
gui_create_state_key -category FindDialog -key m_pMatchCase -value_type bool -value false
gui_create_state_key -category FindDialog -key m_pMatchWord -value_type bool -value false
gui_create_state_key -category FindDialog -key m_pUseCombo -value_type string -value {}
gui_create_state_key -category FindDialog -key m_pWrapAround -value_type bool -value true
gui_state_default_create -off

# Begin command logging
gui_open_db -file /home/users14/ab192644/Documents/ece524/lab10/vcdplus.vpd -design V1
gui_list_select -id Data.1 -selected  { testbench.clk   }
gui_list_select -id Data.1 { testbench.wr_en  testbench.rd_en  {testbench.data_in[7:0]}  {testbench.data_out[7:0]}  testbench.empty  testbench.almost_empty  testbench.full  testbench.almost_full  testbench.valid  testbench.underflow  testbench.overflow  {testbench.count[31:0]}   }
gui_open_window Wave
gui_list_add -id Wave.1 -from Data.1 { testbench.clk testbench.wr_en testbench.rd_en {testbench.data_in[7:0]} {testbench.data_out[7:0]} testbench.empty testbench.almost_empty testbench.full testbench.almost_full testbench.valid testbench.underflow testbench.overflow {testbench.count[31:0]} } -insertionbar
gui_wv_scrollright -id  Wave.1  page
gui_wv_scrollright -id  Wave.1  page
gui_wv_scrollright -id  Wave.1  page
gui_wv_scrollright -id  Wave.1  page
gui_wv_scrollright -id  Wave.1  page
gui_wv_scrollright -id  Wave.1  page
gui_wv_scrollright -id  Wave.1  page
gui_wv_scrollright -id  Wave.1  page
gui_wv_scrollright -id  Wave.1  page
gui_wv_scrollright -id  Wave.1  page
gui_wv_scrollright -id  Wave.1  page
gui_wv_scrollright -id  Wave.1  page
gui_wv_scrollright -id  Wave.1  page
gui_wv_scrollright -id  Wave.1  page
gui_wv_scrollright -id  Wave.1  page
gui_wv_scroll_hslidermove -id  Wave.1 6596
gui_marker_move -id  Wave.1 C1 2302
gui_wv_scrollright -id  Wave.1  page
gui_wv_scrollright -id  Wave.1  page
gui_wv_scrollright -id  Wave.1  page
gui_wv_scrollright -id  Wave.1  page
gui_wv_scrollright -id  Wave.1  page
gui_wv_scrollright -id  Wave.1  page
gui_wv_zoom_timerange -id  Wave.1 347873 351145
gui_wv_scrollleft -id  Wave.1  page
gui_wv_scroll_hslidermove -id  Wave.1 104874
gui_wv_scroll_hslidermove -id  Wave.1 89325
gui_wv_scrollleft -id  Wave.1  page
gui_wv_scroll_hslidermove -id  Wave.1 88373
gui_wv_scroll_hslidermove -id  Wave.1 88373
gui_wv_scroll_hslidermove -id  Wave.1 88214
gui_wv_scrollleft -id  Wave.1  page
gui_wv_scrollleft -id  Wave.1  page
gui_wv_scrollleft -id  Wave.1  page
gui_wv_scroll_hslidermove -id  Wave.1 85359
gui_wv_scroll_hslidermove -id  Wave.1 85359
gui_wv_scroll_hslidermove -id  Wave.1 85359
gui_wv_scroll_hslidermove -id  Wave.1 85359
gui_wv_scroll_hslidermove -id  Wave.1 85359
gui_wv_scroll_hslidermove -id  Wave.1 91388
gui_close_window -window TopLevel.2
