# Preference setting overrides
gui_create_pref_key -category {Globals} -key {load_detail_for_funcov} -value_type {bool} -value {false}

# State setting overrides
gui_state_default_create -off -ini
gui_set_state_value -category Globals -key recent_databases -value {{gui_open_db -file /home/users14/ab192644/Documents/ece524/lab9/vcdplus.vpd -design V1} {gui_open_db -file /home/users14/ab192644/Documents/ece524/lab8/vcdplus.vpd -design V1} {gui_open_db -file /home/users14/ab192644/Documents/ece524/lab7_1/vcdplus.vpd -design V1} {gui_open_db -file /home/users14/ab192644/Documents/ece524/lab6/vcdplus.vpd -design V1} {gui_open_db -file /home/users14/ab192644/Documents/ece524/lab6/vcdplus.vpd -design V2}}
gui_set_state_value -category Layout -key child_console_size_x -value 690
gui_set_state_value -category Layout -key child_console_size_y -value 151
gui_set_state_value -category Layout -key child_data_size_x -value 146
gui_set_state_value -category Layout -key child_data_size_y -value 387
gui_set_state_value -category Layout -key child_hier_col3 -value {-1}
gui_set_state_value -category Layout -key child_hier_colpd -value 0
gui_set_state_value -category Layout -key child_hier_size_x -value 146
gui_set_state_value -category Layout -key child_hier_size_y -value 387
gui_set_state_value -category Layout -key child_source_docknewline -value false
gui_set_state_value -category Layout -key child_source_pos_x -value {-2}
gui_set_state_value -category Layout -key child_source_pos_y -value {-17}
gui_set_state_value -category Layout -key child_source_size_x -value 401
gui_set_state_value -category Layout -key child_source_size_y -value 383
gui_set_state_value -category Layout -key child_wave_colname -value 197
gui_set_state_value -category Layout -key child_wave_colvalue -value 197
gui_set_state_value -category Layout -key child_wave_left -value 399
gui_set_state_value -category Layout -key child_wave_right -value 973
gui_set_state_value -category Layout -key main_pos_x -value 15
gui_set_state_value -category Layout -key main_pos_y -value 324
gui_set_state_value -category Layout -key main_size_x -value 705
gui_set_state_value -category Layout -key main_size_y -value 1004
gui_set_state_value -category Layout -key stand_wave_child_docknewline -value false
gui_set_state_value -category Layout -key stand_wave_child_pos_x -value {-2}
gui_set_state_value -category Layout -key stand_wave_child_pos_y -value {-17}
gui_set_state_value -category Layout -key stand_wave_child_size_x -value 1382
gui_set_state_value -category Layout -key stand_wave_child_size_y -value 675
gui_set_state_value -category Layout -key stand_wave_top_pos_x -value 0
gui_set_state_value -category Layout -key stand_wave_top_pos_y -value 89
gui_set_state_value -category Layout -key stand_wave_top_size_x -value 1377
gui_set_state_value -category Layout -key stand_wave_top_size_y -value 882
gui_create_state_key -category FindDialog -key m_pMatchCase -value_type bool -value false
gui_create_state_key -category FindDialog -key m_pMatchWord -value_type bool -value false
gui_create_state_key -category FindDialog -key m_pUseCombo -value_type string -value {}
gui_create_state_key -category FindDialog -key m_pWrapAround -value_type bool -value true
gui_state_default_create -off

# Begin command logging
gui_open_db -file /home/users14/ab192644/Documents/ece524/lab9/vcdplus.vpd -design V1
gui_list_select -id Data.1 -selected  { tb_alu.clk   }
gui_list_select -id Data.1 -selected  { tb_alu.zf   }
gui_list_select -id Data.1 -selected  { tb_alu.clk   }
gui_list_select -id Data.1 { tb_alu.en  tb_alu.oe  {tb_alu.opcode[3:0]}  {tb_alu.a[7:0]}  {tb_alu.b[7:0]}  {tb_alu.alu_out[7:0]}  tb_alu.cf  tb_alu.of  tb_alu.sf  tb_alu.zf   }
gui_open_window Wave
gui_list_add -id Wave.1 -from Data.1 { tb_alu.clk tb_alu.en tb_alu.oe {tb_alu.opcode[3:0]} {tb_alu.a[7:0]} {tb_alu.b[7:0]} {tb_alu.alu_out[7:0]} tb_alu.cf tb_alu.of tb_alu.sf tb_alu.zf } -insertionbar
gui_wv_scrollright -id  Wave.1  page
gui_wv_scrollright -id  Wave.1  page
gui_wv_scroll_hslidermove -id  Wave.1 1905
gui_wv_scroll_hslidermove -id  Wave.1 1905
gui_wv_scroll_hslidermove -id  Wave.1 2486
gui_wv_scroll_hslidermove -id  Wave.1 2738
gui_close_window -window TopLevel.2
